<?xml version="1.0" encoding="UTF-8"?>
<testsuites>
	<testsuite tests="3" failures="2" time="2.917" name="github.com/rs23252/ikea-go-course">
		<properties>
			<property name="go.version" value="go1.17.7"></property>
		</properties>
		<testcase classname="ikea-go-course" name="TestPass" time="0.000"></testcase>
		<testcase classname="ikea-go-course" name="TestFail" time="0.000">
			<failure message="Failed" type="">    main_test.go:16: Sum does not equal 9</failure>
		</testcase>
		<testcase classname="ikea-go-course" name="TestSum" time="0.000">
			<failure message="Failed" type="">    main_test.go:36: Sum of (2+2) was incorrect, got: 4, want: 5.</failure>
		</testcase>
	</testsuite>
</testsuites>
